This is pdfTeX, Version 3.14159265-2.6-1.40.16 (Web2C 2015) (preloaded format=pdflatex 2017.10.5)  23 MAR 2018 16:01
entering extended mode
 restricted \write18 enabled.
 Source specials enabled.
 file:line:error style messages enabled.
 %&-line parsing enabled.
**\input roughdraft.tex
(./roughdraft.tex (/usr/local/share/texmf-dist/tex/latex/base/article.cls
Document Class: article 2014/09/29 v1.4h Standard LaTeX document class
(/usr/local/share/texmf-dist/tex/latex/base/size10.clo
File: size10.clo 2014/09/29 v1.4h Standard LaTeX file (size option)
)
\c@part=\count79
\c@section=\count80
\c@subsection=\count81
\c@subsubsection=\count82
\c@paragraph=\count83
\c@subparagraph=\count84
\c@figure=\count85
\c@table=\count86
\abovecaptionskip=\skip41
\belowcaptionskip=\skip42
\bibindent=\dimen102
)
(/usr/local/share/texmf-dist/tex/latex/graphics/graphicx.sty
Package: graphicx 2014/10/28 v1.0g Enhanced LaTeX Graphics (DPC,SPQR)

(/usr/local/share/texmf-dist/tex/latex/graphics/keyval.sty
Package: keyval 2014/10/28 v1.15 key=value parser (DPC)
\KV@toks@=\toks14
)
(/usr/local/share/texmf-dist/tex/latex/graphics/graphics.sty
Package: graphics 2014/10/28 v1.0p Standard LaTeX Graphics (DPC,SPQR)

(/usr/local/share/texmf-dist/tex/latex/graphics/trig.sty
Package: trig 1999/03/16 v1.09 sin cos tan (DPC)
)
(/usr/local/share/texmf-dist/tex/latex/latexconfig/graphics.cfg
File: graphics.cfg 2010/04/23 v1.9 graphics configuration of TeX Live
)
Package graphics Info: Driver file: pdftex.def on input line 94.

(/usr/local/share/texmf-dist/tex/latex/pdftex-def/pdftex.def
File: pdftex.def 2011/05/27 v0.06d Graphics/color for pdfTeX

(/usr/local/share/texmf-dist/tex/generic/oberdiek/infwarerr.sty
Package: infwarerr 2010/04/08 v1.3 Providing info/warning/error messages (HO)
)
(/usr/local/share/texmf-dist/tex/generic/oberdiek/ltxcmds.sty
Package: ltxcmds 2011/11/09 v1.22 LaTeX kernel commands for general use (HO)
)
\Gread@gobject=\count87
))
\Gin@req@height=\dimen103
\Gin@req@width=\dimen104
)
(/usr/local/share/texmf-dist/tex/latex/amsfonts/amssymb.sty
Package: amssymb 2013/01/14 v3.01 AMS font symbols

(/usr/local/share/texmf-dist/tex/latex/amsfonts/amsfonts.sty
Package: amsfonts 2013/01/14 v3.01 Basic AMSFonts support
\@emptytoks=\toks15
\symAMSa=\mathgroup4
\symAMSb=\mathgroup5
LaTeX Font Info:    Overwriting math alphabet `\mathfrak' in version `bold'
(Font)                  U/euf/m/n --> U/euf/b/n on input line 106.
))
(/usr/local/share/texmf-dist/tex/latex/amsmath/amsmath.sty
Package: amsmath 2013/01/14 v2.14 AMS math features
\@mathmargin=\skip43

For additional information on amsmath, use the `?' option.
(/usr/local/share/texmf-dist/tex/latex/amsmath/amstext.sty
Package: amstext 2000/06/29 v2.01

(/usr/local/share/texmf-dist/tex/latex/amsmath/amsgen.sty
File: amsgen.sty 1999/11/30 v2.0
\@emptytoks=\toks16
\ex@=\dimen105
))
(/usr/local/share/texmf-dist/tex/latex/amsmath/amsbsy.sty
Package: amsbsy 1999/11/29 v1.2d
\pmbraise@=\dimen106
)
(/usr/local/share/texmf-dist/tex/latex/amsmath/amsopn.sty
Package: amsopn 1999/12/14 v2.01 operator names
)
\inf@bad=\count88
LaTeX Info: Redefining \frac on input line 210.
\uproot@=\count89
\leftroot@=\count90
LaTeX Info: Redefining \overline on input line 306.
\classnum@=\count91
\DOTSCASE@=\count92
LaTeX Info: Redefining \ldots on input line 378.
LaTeX Info: Redefining \dots on input line 381.
LaTeX Info: Redefining \cdots on input line 466.
\Mathstrutbox@=\box26
\strutbox@=\box27
\big@size=\dimen107
LaTeX Font Info:    Redeclaring font encoding OML on input line 566.
LaTeX Font Info:    Redeclaring font encoding OMS on input line 567.
\macc@depth=\count93
\c@MaxMatrixCols=\count94
\dotsspace@=\muskip10
\c@parentequation=\count95
\dspbrk@lvl=\count96
\tag@help=\toks17
\row@=\count97
\column@=\count98
\maxfields@=\count99
\andhelp@=\toks18
\eqnshift@=\dimen108
\alignsep@=\dimen109
\tagshift@=\dimen110
\tagwidth@=\dimen111
\totwidth@=\dimen112
\lineht@=\dimen113
\@envbody=\toks19
\multlinegap=\skip44
\multlinetaggap=\skip45
\mathdisplay@stack=\toks20
LaTeX Info: Redefining \[ on input line 2665.
LaTeX Info: Redefining \] on input line 2666.
)
(/usr/local/share/texmf-dist/tex/latex/amscls/amsthm.sty
Package: amsthm 2015/03/04 v2.20.2
\thm@style=\toks21
\thm@bodyfont=\toks22
\thm@headfont=\toks23
\thm@notefont=\toks24
\thm@headpunct=\toks25
\thm@preskip=\skip46
\thm@postskip=\skip47
\thm@headsep=\skip48
\dth@everypar=\toks26
)
(/usr/local/share/texmf-dist/tex/latex/cite/cite.sty
LaTeX Info: Redefining \cite on input line 302.
LaTeX Info: Redefining \nocite on input line 332.
Package: cite 2015/02/27  v 5.5
)
(/usr/local/share/texmf-dist/tex/latex/mathtools/mathtools.sty
Package: mathtools 2015/05/11 v1.16 mathematical typesetting tools

(/usr/local/share/texmf-dist/tex/latex/tools/calc.sty
Package: calc 2014/10/28 v4.3 Infix arithmetic (KKT,FJ)
\calc@Acount=\count100
\calc@Bcount=\count101
\calc@Adimen=\dimen114
\calc@Bdimen=\dimen115
\calc@Askip=\skip49
\calc@Bskip=\skip50
LaTeX Info: Redefining \setlength on input line 80.
LaTeX Info: Redefining \addtolength on input line 81.
\calc@Ccount=\count102
\calc@Cskip=\skip51
)
(/usr/local/share/texmf-dist/tex/latex/mathtools/mhsetup.sty
Package: mhsetup 2010/01/21 v1.2a programming setup (MH)
)
LaTeX Info: Thecontrolsequence`\('isalreadyrobust on input line 129.
LaTeX Info: Thecontrolsequence`\)'isalreadyrobust on input line 129.
LaTeX Info: Thecontrolsequence`\['isalreadyrobust on input line 129.
LaTeX Info: Thecontrolsequence`\]'isalreadyrobust on input line 129.
\g_MT_multlinerow_int=\count103
\l_MT_multwidth_dim=\dimen116
\origjot=\skip52
\l_MT_shortvdotswithinadjustabove_dim=\dimen117
\l_MT_shortvdotswithinadjustbelow_dim=\dimen118
\l_MT_above_intertext_sep=\dimen119
\l_MT_below_intertext_sep=\dimen120
\l_MT_above_shortintertext_sep=\dimen121
\l_MT_below_shortintertext_sep=\dimen122
)
(/usr/local/share/texmf-dist/tex/latex/tools/enumerate.sty
Package: enumerate 2014/10/28 v3.00 enumerate extensions (DPC)
\@enLab=\toks27
)
(/usr/local/share/texmf-dist/tex/latex/bigfoot/perpage.sty
Package: perpage 2014/10/25 2.0 Reset/sort counters per page
\c@abspage=\count104
)
(/usr/local/share/texmf-dist/tex/latex/blindtext/blindtext.sty
Package: blindtext 2012/01/06 V2.0 blindtext-Package

(/usr/local/share/texmf-dist/tex/latex/tools/xspace.sty
Package: xspace 2014/10/28 v1.13 Space after command names (DPC,MH)
)
\c@blindtext=\count105
\c@Blindtext=\count106
\c@blind@countparstart=\count107
\blind@countxx=\count108
\blindtext@numBlindtext=\count109
\blind@countyy=\count110
\c@blindlist=\count111
\c@blindlistlevel=\count112
\c@blindlist@level=\count113
\blind@listitem=\count114
\c@blind@listcount=\count115
\c@blind@levelcount=\count116
\blind@mathformula=\count117
\blind@Mathformula=\count118
\c@blind@randomcount=\count119
\c@blind@randommax=\count120
\c@blind@pangramcount=\count121
\c@blind@pangrammax=\count122
)
\c@theorem=\count123
\c@corollary=\count124
\c@remark=\count125
\c@cremark=\count126
\c@dexample=\count127
\c@pp@a@footnote=\count128
 (./roughdraft.aux)
\openout1 = `roughdraft.aux'.

LaTeX Font Info:    Checking defaults for OML/cmm/m/it on input line 44.
LaTeX Font Info:    ... okay on input line 44.
LaTeX Font Info:    Checking defaults for T1/cmr/m/n on input line 44.
LaTeX Font Info:    ... okay on input line 44.
LaTeX Font Info:    Checking defaults for OT1/cmr/m/n on input line 44.
LaTeX Font Info:    ... okay on input line 44.
LaTeX Font Info:    Checking defaults for OMS/cmsy/m/n on input line 44.
LaTeX Font Info:    ... okay on input line 44.
LaTeX Font Info:    Checking defaults for OMX/cmex/m/n on input line 44.
LaTeX Font Info:    ... okay on input line 44.
LaTeX Font Info:    Checking defaults for U/cmr/m/n on input line 44.
LaTeX Font Info:    ... okay on input line 44.

(/usr/local/share/texmf-dist/tex/context/base/supp-pdf.mkii
[Loading MPS to PDF converter (version 2006.09.02).]
\scratchcounter=\count129
\scratchdimen=\dimen123
\scratchbox=\box28
\nofMPsegments=\count130
\nofMParguments=\count131
\everyMPshowfont=\toks28
\MPscratchCnt=\count132
\MPscratchDim=\dimen124
\MPnumerator=\count133
\makeMPintoPDFobject=\count134
\everyMPtoPDFconversion=\toks29
) (/usr/local/share/texmf-dist/tex/generic/oberdiek/pdftexcmds.sty
Package: pdftexcmds 2011/11/29 v0.20 Utility functions of pdfTeX for LuaTeX (HO
)

(/usr/local/share/texmf-dist/tex/generic/oberdiek/ifluatex.sty
Package: ifluatex 2010/03/01 v1.3 Provides the ifluatex switch (HO)
Package ifluatex Info: LuaTeX not detected.
)
(/usr/local/share/texmf-dist/tex/generic/oberdiek/ifpdf.sty
Package: ifpdf 2011/01/30 v2.3 Provides the ifpdf switch (HO)
Package ifpdf Info: pdfTeX in PDF mode is detected.
)
Package pdftexcmds Info: LuaTeX not detected.
Package pdftexcmds Info: \pdf@primitive is available.
Package pdftexcmds Info: \pdf@ifprimitive is available.
Package pdftexcmds Info: \pdfdraftmode found.
)
(/usr/local/share/texmf-dist/tex/latex/oberdiek/epstopdf-base.sty
Package: epstopdf-base 2010/02/09 v2.5 Base part for package epstopdf

(/usr/local/share/texmf-dist/tex/latex/oberdiek/grfext.sty
Package: grfext 2010/08/19 v1.1 Manage graphics extensions (HO)

(/usr/local/share/texmf-dist/tex/generic/oberdiek/kvdefinekeys.sty
Package: kvdefinekeys 2011/04/07 v1.3 Define keys (HO)
))
(/usr/local/share/texmf-dist/tex/latex/oberdiek/kvoptions.sty
Package: kvoptions 2011/06/30 v3.11 Key value format for package options (HO)

(/usr/local/share/texmf-dist/tex/generic/oberdiek/kvsetkeys.sty
Package: kvsetkeys 2012/04/25 v1.16 Key value parser (HO)

(/usr/local/share/texmf-dist/tex/generic/oberdiek/etexcmds.sty
Package: etexcmds 2011/02/16 v1.5 Avoid name clashes with e-TeX commands (HO)
Package etexcmds Info: Could not find \expanded.
(etexcmds)             That can mean that you are not using pdfTeX 1.50 or
(etexcmds)             that some package has redefined \expanded.
(etexcmds)             In the latter case, load this package earlier.
)))
Package grfext Info: Graphics extension search list:
(grfext)             [.png,.pdf,.jpg,.mps,.jpeg,.jbig2,.jb2,.PNG,.PDF,.JPG,.JPE
G,.JBIG2,.JB2,.eps]
(grfext)             \AppendGraphicsExtensions on input line 452.

(/usr/local/share/texmf-dist/tex/latex/latexconfig/epstopdf-sys.cfg
File: epstopdf-sys.cfg 2010/07/13 v1.3 Configuration of (r)epstopdf for TeX Liv
e
))
LaTeX Font Info:    Try loading font information for U+msa on input line 57.

(/usr/local/share/texmf-dist/tex/latex/amsfonts/umsa.fd
File: umsa.fd 2013/01/14 v3.01 AMS symbols A
)
LaTeX Font Info:    Try loading font information for U+msb on input line 57.

(/usr/local/share/texmf-dist/tex/latex/amsfonts/umsb.fd
File: umsb.fd 2013/01/14 v3.01 AMS symbols B
) [1

{/usr/local/share/texmf-dist/fonts/map/pdftex/updmap/pdftex.map}]
Overfull \hbox (1.7506pt too wide) in paragraph at lines 74--75
[]\OT1/cmr/m/n/10 Hiermit erkl^^?are ich, dass ich die vor-liegende Ar-beit sel
b-stst^^?andig und eigenh^^?andig
 []

[1] (./zusammen.tex
Overfull \hbox (0.39687pt too wide) in paragraph at lines 13--17
\OT1/cmr/m/n/10 eren ra-tio-nale $\OML/cmm/m/it/10 G$\OT1/cmr/m/n/10 -Darstellu
ngen und $\OML/cmm/m/it/10 G$\OT1/cmr/m/n/10 -Module. F^^?ur eine lin-ear re-du
k-tive Gruppe
 []


Overfull \hbox (18.89352pt too wide) in paragraph at lines 22--23
\OT1/cmr/m/n/10 Op-er-a-tor $\OML/cmm/m/it/10 R[]$ \OT1/cmr/m/n/10 der Gruppe $
\OML/cmm/m/it/10 G$ \OT1/cmr/m/n/10 ex-istiert, k^^?onnen wir den Reynolds Op-e
r-a-tor $\OML/cmm/m/it/10 R [] [] K\OT1/cmr/m/n/10 [\OML/cmm/m/it/10 X\OT1/cmr/
m/n/10 ] \U/msa/m/n/10 ^^P
 []

) [2] (./roughdraft.toc)
\tf@toc=\write3
\openout3 = `roughdraft.toc'.

 (./introduction.tex [3] [4]) [5] (./prework.tex
Overfull \hbox (28.74713pt too wide) in paragraph at lines 27--29
[][]\OT1/cmr/m/n/10 Let $\OML/cmm/m/it/10 V[]; V[]; W[]; W[]$ \OT1/cmr/m/n/10 b
e vec-tor spaces. If $\OML/cmm/m/it/10 A \OMS/cmsy/m/n/10 2 [][]\OT1/cmr/m/n/10
 (\OML/cmm/m/it/10 V[]; V[]\OT1/cmr/m/n/10 )$ and $\OML/cmm/m/it/10 B \OMS/cmsy
/m/n/10 2 [][]\OT1/cmr/m/n/10 (\OML/cmm/m/it/10 W[]; W[]\OT1/cmr/m/n/10 )$,
 []

[6] [7] [8] [9]) (./reynolds.tex [10]
Overfull \hbox (13.77751pt too wide) in paragraph at lines 46--49
\OT1/cmr/bx/n/10 Definition 3.3 (Reynolds op-er-a-tor): []\OT1/cmr/m/n/10 Let $
\OML/cmm/m/it/10 X$ \OT1/cmr/m/n/10 be an affine $\OML/cmm/m/it/10 G$\OT1/cmr/m
/n/10 -variety. A \OT1/cmr/bx/n/10 Reynolds
 []

[11]
Underfull \hbox (badness 5696) in paragraph at lines 148--149
[][]\OT1/cmr/m/n/10 For ev-ery affine $\OML/cmm/m/it/10 G$\OT1/cmr/m/n/10 -vari
ety $\OML/cmm/m/it/10 X$ \OT1/cmr/m/n/10 there ex-ists a Reynolds op-er-a-tor
 []

[12] [13]
Underfull \hbox (badness 1394) in paragraph at lines 236--243
\OT1/cmr/m/n/10 be the in-clu-sion map. Since $\OML/cmm/m/it/10 G$ \OT1/cmr/m/n
/10 is lin-early re-duc-tive, there ex-ists an
 []

[14] [15]
Underfull \hbox (badness 2828) in paragraph at lines 366--384
[][]\OT1/cmr/m/n/10 Let $\OML/cmm/m/it/10 p \OMS/cmsy/m/n/10 2 \OML/cmm/m/it/10
 K\OT1/cmr/m/n/10 [\OML/cmm/m/it/10 V\OT1/cmr/m/n/10 ][]$. We de-fine a pro-jec
-tion onto the di-ag-o-nal:
 []

[16]
Underfull \hbox (badness 6691) in paragraph at lines 422--425
[]\OT1/cmr/m/n/10 which de-fines a ra-tio-nal rep-re-sen-ta-tion of $[][]$. We 
claim that
 []

[17] [18]
Underfull \hbox (badness 10000) in paragraph at lines 541--543
\OT1/cmr/m/n/10 that is, we have the affine $[][]$-variety
 []


Underfull \hbox (badness 10000) in paragraph at lines 541--543
\OT1/cmr/m/n/10 reg-u-lar ac-tion by point-wise ap-pli-ca-tion, that is the ac-
tion
 []

[19] [20] [21]) (./prozess.tex [22]
Underfull \hbox (badness 2080) in paragraph at lines 41--45
[][]\OT1/cmr/m/n/10 Let $\OML/cmm/m/it/10 f \OMS/cmsy/m/n/10 2 \OML/cmm/m/it/10
 K []$\OT1/cmr/m/n/10 . Con-sider $\OML/cmm/m/it/10 m[]\OT1/cmr/m/n/10 (\OML/cm
m/m/it/10 f\OT1/cmr/m/n/10 )$, which we here view as
 []


Overfull \hbox (17.7326pt too wide) detected at line 68
[] []
 []

[23]
Overfull \hbox (4.6695pt too wide) in paragraph at lines 68--70
\OT1/cmr/m/n/10 if there ex-ist $\OML/cmm/m/it/10 i \OMS/cmsy/m/n/10 6\OT1/cmr/
m/n/10 = \OML/cmm/m/it/10 j$ \OT1/cmr/m/n/10 such that $\OML/cmm/m/it/10 k\OT1/
cmr/m/n/10 (\OML/cmm/m/it/10 i\OT1/cmr/m/n/10 ) = \OML/cmm/m/it/10 k\OT1/cmr/m/
n/10 (\OML/cmm/m/it/10 j\OT1/cmr/m/n/10 )$, the term $[][] [] [] [][] []\OML/cm
m/m/it/10 f$
 []

[24]
Overfull \hbox (1.72678pt too wide) in paragraph at lines 142--144
\OT1/cmr/bx/n/10 Corollary 4.4.1 []\OT1/cmr/m/n/10 With the iden-ti-fi-ca-tion 
$\OML/cmm/m/it/10 K [] \OT1/cmr/m/n/10 = \OML/cmm/m/it/10 K []$\OT1/cmr/m/n/10 
,
 []


Underfull \hbox (badness 10000) in paragraph at lines 142--144
\OT1/cmr/m/n/10 view
 []

[25]
Overfull \hbox (33.05313pt too wide) in paragraph at lines 210--211
\OT1/cmr/m/n/10 for $\OML/cmm/m/it/10 n \OT1/cmr/m/n/10 = 2$, that is the group
 $\OML/cmm/m/it/10 G \OT1/cmr/m/n/10 = [][]$ and the rep-re-sen-ta-tion $\OML/c
mm/m/it/10 V \OT1/cmr/m/n/10 = []$
 []

[26]
Overfull \hbox (8.92639pt too wide) detected at line 258
[] []
 []


Overfull \hbox (18.40163pt too wide) detected at line 276
[] []
 []

[27]) (./discussion.tex [28]
Underfull \hbox (badness 10000) in paragraph at lines 64--67
\OML/cmm/m/it/10 K\OT1/cmr/m/n/10 [[]\OML/cmm/m/it/10 ; p\OT1/cmr/m/n/10 ([]\OM
L/cmm/m/it/10 ; []; []; []\OT1/cmr/m/n/10 )[]]$, we would have shown that
 []


Underfull \hbox (badness 6173) in paragraph at lines 64--67
\OT1/cmr/m/n/10 are all in-vari-ants. This is not true though, since for in-sta
nce
 []

) [29] (./roughdraft.bbl) [30] (./roughdraft.aux) ) 
Here is how much of TeX's memory you used:
 3448 strings out of 493093
 47486 string characters out of 6138120
 123477 words of memory out of 5000000
 6849 multiletter control sequences out of 15000+600000
 15553 words of font info for 60 fonts, out of 8000000 for 9000
 1141 hyphenation exceptions out of 8191
 38i,14n,26p,602b,313s stack positions out of 5000i,2500n,10000p,300000b,80000s
</usr/local/share/texmf-dist
/fonts/type1/public/amsfonts/cm/cmbx10.pfb></usr/local/share/texmf-dist/fonts/t
ype1/public/amsfonts/cm/cmbx12.pfb></usr/local/share/texmf-dist/fonts/type1/pub
lic/amsfonts/cm/cmcsc10.pfb></usr/local/share/texmf-dist/fonts/type1/public/ams
fonts/cm/cmex10.pfb></usr/local/share/texmf-dist/fonts/type1/public/amsfonts/cm
extra/cmex8.pfb></usr/local/share/texmf-dist/fonts/type1/public/amsfonts/cm/cmm
i10.pfb></usr/local/share/texmf-dist/fonts/type1/public/amsfonts/cm/cmmi5.pfb><
/usr/local/share/texmf-dist/fonts/type1/public/amsfonts/cm/cmmi6.pfb></usr/loca
l/share/texmf-dist/fonts/type1/public/amsfonts/cm/cmmi7.pfb></usr/local/share/t
exmf-dist/fonts/type1/public/amsfonts/cm/cmmi8.pfb></usr/local/share/texmf-dist
/fonts/type1/public/amsfonts/cm/cmr10.pfb></usr/local/share/texmf-dist/fonts/ty
pe1/public/amsfonts/cm/cmr12.pfb></usr/local/share/texmf-dist/fonts/type1/publi
c/amsfonts/cm/cmr17.pfb></usr/local/share/texmf-dist/fonts/type1/public/amsfont
s/cm/cmr5.pfb></usr/local/share/texmf-dist/fonts/type1/public/amsfonts/cm/cmr6.
pfb></usr/local/share/texmf-dist/fonts/type1/public/amsfonts/cm/cmr7.pfb></usr/
local/share/texmf-dist/fonts/type1/public/amsfonts/cm/cmr8.pfb></usr/local/shar
e/texmf-dist/fonts/type1/public/amsfonts/cm/cmsy10.pfb></usr/local/share/texmf-
dist/fonts/type1/public/amsfonts/cm/cmsy5.pfb></usr/local/share/texmf-dist/font
s/type1/public/amsfonts/cm/cmsy6.pfb></usr/local/share/texmf-dist/fonts/type1/p
ublic/amsfonts/cm/cmsy7.pfb></usr/local/share/texmf-dist/fonts/type1/public/ams
fonts/cm/cmsy8.pfb></usr/local/share/texmf-dist/fonts/type1/public/amsfonts/cm/
cmti10.pfb></usr/local/share/texmf-dist/fonts/type1/public/amsfonts/symbols/msa
m10.pfb></usr/local/share/texmf-dist/fonts/type1/public/amsfonts/symbols/msbm10
.pfb>
Output written on roughdraft.pdf (31 pages, 405255 bytes).
PDF statistics:
 205 PDF objects out of 1000 (max. 8388607)
 145 compressed objects within 2 object streams
 0 named destinations out of 1000 (max. 500000)
 1 words of extra memory for PDF output out of 10000 (max. 10000000)

